#-----------------------------------------------------------
# Name: jwa20231113194636.log
# Format: JWatcher Log File 1.0
# Updated: Mon Nov 13 19:46:38 GMT 2023
#-----------------------------------------------------------
Analyzing focal data using Focal Analysis Master MDSH_panting_9.15.23.faf
-----------------------------------------------------------------
Loading Focal Data from D:\JWatcher dat files\D.dat
  Data loaded successfully
Analyzing D.dat
  Analysis of D.dat completed without errors.
-----------------------------------------------------------------
Loading Focal Data from D:\JWatcher dat files\C.dat
  Data loaded successfully
Analyzing C.dat
  Analysis of C.dat completed without errors.
-----------------------------------------------------------------
Loading Focal Data from D:\JWatcher dat files\BB.dat
  Data loaded successfully
Analyzing BB.dat
  Analysis of BB.dat completed without errors.
-----------------------------------------------------------------
Loading Focal Data from D:\JWatcher dat files\B.dat
  Data loaded successfully
Analyzing B.dat
  Analysis of B.dat completed without errors.
-----------------------------------------------------------------
Loading Focal Data from D:\JWatcher dat files\AA.dat
  Data loaded successfully
Analyzing AA.dat
  Analysis of AA.dat completed without errors.
-----------------------------------------------------------------
Loading Focal Data from D:\JWatcher dat files\A.dat
  Data loaded successfully
Analyzing A.dat
  Analysis of A.dat completed without errors.
-----------------------------------------------------------------
Loading Focal Data from D:\JWatcher dat files\J.dat
  Data loaded successfully
Analyzing J.dat
  Analysis of J.dat completed without errors.
-----------------------------------------------------------------
Loading Focal Data from D:\JWatcher dat files\I.dat
  Data loaded successfully
Analyzing I.dat
  Analysis of I.dat completed without errors.
-----------------------------------------------------------------
Loading Focal Data from D:\JWatcher dat files\HHH.dat
  Data loaded successfully
Analyzing HHH.dat
  Analysis of HHH.dat completed without errors.
-----------------------------------------------------------------
Loading Focal Data from D:\JWatcher dat files\H.dat
  Data loaded successfully
Analyzing H.dat
  Analysis of H.dat completed without errors.
-----------------------------------------------------------------
Loading Focal Data from D:\JWatcher dat files\F.dat
  Data loaded successfully
Analyzing F.dat
  Analysis of F.dat completed without errors.
-----------------------------------------------------------------
Loading Focal Data from D:\JWatcher dat files\E.dat
  Data loaded successfully
Analyzing E.dat
  Analysis of E.dat completed without errors.
-----------------------------------------------------------------
Loading Focal Data from D:\JWatcher dat files\G.dat
  Data loaded successfully
Analyzing G.dat
  Analysis of G.dat completed without errors.
-----------------------------------------------------------------
Loading Focal Data from D:\JWatcher dat files\HH.dat
  Data loaded successfully
Analyzing HH.dat
  Analysis of HH.dat completed without errors.
-----------------------------------------------------------------
Loading Focal Data from D:\JWatcher dat files\EE.dat
  Data loaded successfully
Analyzing EE.dat
  Analysis of EE.dat completed without errors.
-----------------------------------------------------------------
Loading Focal Data from D:\JWatcher dat files\CC.dat
  Data loaded successfully
Analyzing CC.dat
  Analysis of CC.dat completed without errors.
-----------------------------------------------------------------
Loading Focal Data from D:\JWatcher dat files\L.dat
  Data loaded successfully
Analyzing L.dat
  Analysis of L.dat completed without errors.
-----------------------------------------------------------------
Loading Focal Data from D:\JWatcher dat files\K.dat
  Data loaded successfully
Analyzing K.dat
  Analysis of K.dat completed without errors.
-----------------------------------------------------------------
Loading Focal Data from D:\JWatcher dat files\II.dat
  Data loaded successfully
Analyzing II.dat
  Analysis of II.dat completed without errors.
-----------------------------------------------------------------
Loading Focal Data from D:\JWatcher dat files\P.dat
  Data loaded successfully
Analyzing P.dat
  Analysis of P.dat completed without errors.
-----------------------------------------------------------------
Loading Focal Data from D:\JWatcher dat files\M.dat
  Data loaded successfully
Analyzing M.dat
  Analysis of M.dat completed without errors.
-----------------------------------------------------------------
Loading Focal Data from D:\JWatcher dat files\DD.dat
  Data loaded successfully
Analyzing DD.dat
  Analysis of DD.dat completed without errors.
-----------------------------------------------------------------
Loading Focal Data from D:\JWatcher dat files\DDD.dat
  Data loaded successfully
Analyzing DDD.dat
  Analysis of DDD.dat completed without errors.
-----------------------------------------------------------------
Loading Focal Data from D:\JWatcher dat files\GG.dat
  Data loaded successfully
Analyzing GG.dat
  Analysis of GG.dat completed without errors.
-----------------------------------------------------------------
Loading Focal Data from D:\JWatcher dat files\R.dat
  Data loaded successfully
Analyzing R.dat
  Analysis of R.dat completed without errors.
-----------------------------------------------------------------
Loading Focal Data from D:\JWatcher dat files\GGG.dat
  Data loaded successfully
Analyzing GGG.dat
  Analysis of GGG.dat completed without errors.
-----------------------------------------------------------------
Loading Focal Data from D:\JWatcher dat files\FFF.dat
  Data loaded successfully
Analyzing FFF.dat
  Analysis of FFF.dat completed without errors.
-----------------------------------------------------------------
Loading Focal Data from D:\JWatcher dat files\EEE.dat
  Data loaded successfully
Analyzing EEE.dat
  Analysis of EEE.dat completed without errors.
-----------------------------------------------------------------
Loading Focal Data from D:\JWatcher dat files\FF.dat
  Data loaded successfully
Analyzing FF.dat
  Analysis of FF.dat completed without errors.
-----------------------------------------------------------------
Loading Focal Data from D:\JWatcher dat files\MM.dat
  Data loaded successfully
Analyzing MM.dat
  Analysis of MM.dat completed without errors.
-----------------------------------------------------------------
Loading Focal Data from D:\JWatcher dat files\N.dat
  Data loaded successfully
Analyzing N.dat
  Analysis of N.dat completed without errors.
-----------------------------------------------------------------
Loading Focal Data from D:\JWatcher dat files\Q.dat
  Data loaded successfully
Analyzing Q.dat
  Analysis of Q.dat completed without errors.
-----------------------------------------------------------------
Loading Focal Data from D:\JWatcher dat files\TT.dat
  Data loaded successfully
Analyzing TT.dat
  Analysis of TT.dat completed without errors.
-----------------------------------------------------------------
Loading Focal Data from D:\JWatcher dat files\O.dat
  Data loaded successfully
Analyzing O.dat
  Analysis of O.dat completed without errors.
-----------------------------------------------------------------
Loading Focal Data from D:\JWatcher dat files\T.dat
  Data loaded successfully
Analyzing T.dat
  Analysis of T.dat completed without errors.
-----------------------------------------------------------------
Loading Focal Data from D:\JWatcher dat files\S.dat
  Data loaded successfully
Analyzing S.dat
  Analysis of S.dat completed without errors.
-----------------------------------------------------------------
Loading Focal Data from D:\JWatcher dat files\SS.dat
  Data loaded successfully
Analyzing SS.dat
  Analysis of SS.dat completed without errors.
-----------------------------------------------------------------
Loading Focal Data from D:\JWatcher dat files\W.dat
  Data loaded successfully
Analyzing W.dat
  Analysis of W.dat completed without errors.
-----------------------------------------------------------------
Loading Focal Data from D:\JWatcher dat files\U.dat
  Data loaded successfully
Analyzing U.dat
  Analysis of U.dat completed without errors.
-----------------------------------------------------------------
Loading Focal Data from D:\JWatcher dat files\Z.dat
  Data loaded successfully
Analyzing Z.dat
  Analysis of Z.dat completed without errors.
-----------------------------------------------------------------
Loading Focal Data from D:\JWatcher dat files\NN.dat
  Data loaded successfully
Analyzing NN.dat
  Analysis of NN.dat completed without errors.
-----------------------------------------------------------------
Loading Focal Data from D:\JWatcher dat files\BBB.dat
  Data loaded successfully
Analyzing BBB.dat
  Analysis of BBB.dat completed without errors.
-----------------------------------------------------------------
Loading Focal Data from D:\JWatcher dat files\JJ.dat
  Data loaded successfully
Analyzing JJ.dat
  Analysis of JJ.dat completed without errors.
-----------------------------------------------------------------
Loading Focal Data from D:\JWatcher dat files\QQ.dat
  Data loaded successfully
Analyzing QQ.dat
  Analysis of QQ.dat completed without errors.
-----------------------------------------------------------------
Loading Focal Data from D:\JWatcher dat files\PP.dat
  Data loaded successfully
Analyzing PP.dat
  Analysis of PP.dat completed without errors.
-----------------------------------------------------------------
Loading Focal Data from D:\JWatcher dat files\OO.dat
  Data loaded successfully
Analyzing OO.dat
  Analysis of OO.dat completed without errors.
-----------------------------------------------------------------
Loading Focal Data from D:\JWatcher dat files\LL.dat
  Data loaded successfully
Analyzing LL.dat
  Analysis of LL.dat completed without errors.
-----------------------------------------------------------------
Loading Focal Data from D:\JWatcher dat files\V.dat
  Data loaded successfully
Analyzing V.dat
  Analysis of V.dat completed without errors.
-----------------------------------------------------------------
Loading Focal Data from D:\JWatcher dat files\X.dat
  Data loaded successfully
Analyzing X.dat
  Analysis of X.dat completed without errors.
-----------------------------------------------------------------
Loading Focal Data from D:\JWatcher dat files\Y.dat
  Data loaded successfully
Analyzing Y.dat
  Analysis of Y.dat completed without errors.
-----------------------------------------------------------------
Loading Focal Data from D:\JWatcher dat files\YY.dat
  Data loaded successfully
Analyzing YY.dat
  Analysis of YY.dat completed without errors.
-----------------------------------------------------------------
Loading Focal Data from D:\JWatcher dat files\XX.dat
  Data loaded successfully
Analyzing XX.dat
  Analysis of XX.dat completed without errors.
-----------------------------------------------------------------
Loading Focal Data from D:\JWatcher dat files\WW.dat
  Data loaded successfully
Analyzing WW.dat
  Analysis of WW.dat completed without errors.
-----------------------------------------------------------------
Loading Focal Data from D:\JWatcher dat files\UU.dat
  Data loaded successfully
Analyzing UU.dat
  Analysis of UU.dat completed without errors.
-----------------------------------------------------------------
Loading Focal Data from D:\JWatcher dat files\RR.dat
  Data loaded successfully
Analyzing RR.dat
  Analysis of RR.dat completed without errors.
-----------------------------------------------------------------
Loading Focal Data from D:\JWatcher dat files\KK.dat
  Data loaded successfully
Analyzing KK.dat
  Analysis of KK.dat completed without errors.
-----------------------------------------------------------------
Loading Focal Data from D:\JWatcher dat files\CCC.dat
  Data loaded successfully
Analyzing CCC.dat
  Analysis of CCC.dat completed without errors.
-----------------------------------------------------------------
Loading Focal Data from D:\JWatcher dat files\ZZ.dat
  Data loaded successfully
Analyzing ZZ.dat
  Analysis of ZZ.dat completed without errors.
-----------------------------------------------------------------
Loading Focal Data from D:\JWatcher dat files\AAA.dat
  Data loaded successfully
Analyzing AAA.dat
  Analysis of AAA.dat completed without errors.
-----------------------------------------------------------------
Loading Focal Data from D:\JWatcher dat files\VV.dat
  Data loaded successfully
Analyzing VV.dat
  Analysis of VV.dat completed without errors.
-----------------------------------------------------------------
Loading Focal Data from D:\JWatcher dat files\AAA1.dat
  Data loaded successfully
Analyzing AAA1.dat
  Analysis of AAA1.dat completed without errors.
-----------------------------------------------------------------
Focal Data Analysis completed
  Focal Data files processed: 61
-----------------------------------------------------------------
